Analysis & Synthesis report for project1
Tue Dec 21 15:12:57 2021
Quartus Prime Version 18.1.0 Build 625 09/12/2018 SJ Lite Edition


---------------------
; Table of Contents ;
---------------------
  1. Legal Notice
  2. Analysis & Synthesis Summary
  3. Analysis & Synthesis Settings
  4. Parallel Compilation
  5. Analysis & Synthesis Source Files Read
  6. Analysis & Synthesis Resource Usage Summary
  7. Analysis & Synthesis Resource Utilization by Entity
  8. User-Specified and Inferred Latches
  9. Registers Removed During Synthesis
 10. Removed Registers Triggering Further Register Optimizations
 11. General Register Statistics
 12. Inverted Register Statistics
 13. Multiplexer Restructuring Statistics (Restructuring Performed)
 14. Post-Synthesis Netlist Statistics for Top Partition
 15. Elapsed Time Per Partition
 16. Analysis & Synthesis Messages



----------------
; Legal Notice ;
----------------
Copyright (C) 2018  Intel Corporation. All rights reserved.
Your use of Intel Corporation's design tools, logic functions 
and other software and tools, and its AMPP partner logic 
functions, and any output files from any of the foregoing 
(including device programming or simulation files), and any 
associated documentation or information are expressly subject 
to the terms and conditions of the Intel Program License 
Subscription Agreement, the Intel Quartus Prime License Agreement,
the Intel FPGA IP License Agreement, or other applicable license
agreement, including, without limitation, that your use is for
the sole purpose of programming logic devices manufactured by
Intel and sold by Intel or its authorized distributors.  Please
refer to the applicable agreement for further details.



+----------------------------------------------------------------------------------+
; Analysis & Synthesis Summary                                                     ;
+------------------------------------+---------------------------------------------+
; Analysis & Synthesis Status        ; Successful - Tue Dec 21 15:12:57 2021       ;
; Quartus Prime Version              ; 18.1.0 Build 625 09/12/2018 SJ Lite Edition ;
; Revision Name                      ; project1                                    ;
; Top-level Entity Name              ; project1                                    ;
; Family                             ; MAX 10                                      ;
; Total logic elements               ; 205                                         ;
;     Total combinational functions  ; 204                                         ;
;     Dedicated logic registers      ; 87                                          ;
; Total registers                    ; 87                                          ;
; Total pins                         ; 21                                          ;
; Total virtual pins                 ; 0                                           ;
; Total memory bits                  ; 0                                           ;
; Embedded Multiplier 9-bit elements ; 0                                           ;
; Total PLLs                         ; 0                                           ;
; UFM blocks                         ; 0                                           ;
; ADC blocks                         ; 0                                           ;
+------------------------------------+---------------------------------------------+


+------------------------------------------------------------------------------------------------------------+
; Analysis & Synthesis Settings                                                                              ;
+------------------------------------------------------------------+--------------------+--------------------+
; Option                                                           ; Setting            ; Default Value      ;
+------------------------------------------------------------------+--------------------+--------------------+
; Device                                                           ; 10M50DAF484C7G     ;                    ;
; Top-level entity name                                            ; project1           ; project1           ;
; Family name                                                      ; MAX 10             ; Cyclone V          ;
; VHDL Show LMF Mapping Messages                                   ; Off                ;                    ;
; Use smart compilation                                            ; Off                ; Off                ;
; Enable parallel Assembler and Timing Analyzer during compilation ; On                 ; On                 ;
; Enable compact report table                                      ; Off                ; Off                ;
; Restructure Multiplexers                                         ; Auto               ; Auto               ;
; Create Debugging Nodes for IP Cores                              ; Off                ; Off                ;
; Preserve fewer node names                                        ; On                 ; On                 ;
; Intel FPGA IP Evaluation Mode                                    ; Enable             ; Enable             ;
; Verilog Version                                                  ; Verilog_2001       ; Verilog_2001       ;
; VHDL Version                                                     ; VHDL_1993          ; VHDL_1993          ;
; State Machine Processing                                         ; Auto               ; Auto               ;
; Safe State Machine                                               ; Off                ; Off                ;
; Extract Verilog State Machines                                   ; On                 ; On                 ;
; Extract VHDL State Machines                                      ; On                 ; On                 ;
; Ignore Verilog initial constructs                                ; Off                ; Off                ;
; Iteration limit for constant Verilog loops                       ; 5000               ; 5000               ;
; Iteration limit for non-constant Verilog loops                   ; 250                ; 250                ;
; Add Pass-Through Logic to Inferred RAMs                          ; On                 ; On                 ;
; Infer RAMs from Raw Logic                                        ; On                 ; On                 ;
; Parallel Synthesis                                               ; On                 ; On                 ;
; DSP Block Balancing                                              ; Auto               ; Auto               ;
; NOT Gate Push-Back                                               ; On                 ; On                 ;
; Power-Up Don't Care                                              ; On                 ; On                 ;
; Remove Redundant Logic Cells                                     ; Off                ; Off                ;
; Remove Duplicate Registers                                       ; On                 ; On                 ;
; Ignore CARRY Buffers                                             ; Off                ; Off                ;
; Ignore CASCADE Buffers                                           ; Off                ; Off                ;
; Ignore GLOBAL Buffers                                            ; Off                ; Off                ;
; Ignore ROW GLOBAL Buffers                                        ; Off                ; Off                ;
; Ignore LCELL Buffers                                             ; Off                ; Off                ;
; Ignore SOFT Buffers                                              ; On                 ; On                 ;
; Limit AHDL Integers to 32 Bits                                   ; Off                ; Off                ;
; Optimization Technique                                           ; Balanced           ; Balanced           ;
; Carry Chain Length                                               ; 70                 ; 70                 ;
; Auto Carry Chains                                                ; On                 ; On                 ;
; Auto Open-Drain Pins                                             ; On                 ; On                 ;
; Perform WYSIWYG Primitive Resynthesis                            ; Off                ; Off                ;
; Auto ROM Replacement                                             ; On                 ; On                 ;
; Auto RAM Replacement                                             ; On                 ; On                 ;
; Auto DSP Block Replacement                                       ; On                 ; On                 ;
; Auto Shift Register Replacement                                  ; Auto               ; Auto               ;
; Allow Shift Register Merging across Hierarchies                  ; Auto               ; Auto               ;
; Auto Clock Enable Replacement                                    ; On                 ; On                 ;
; Strict RAM Replacement                                           ; Off                ; Off                ;
; Allow Synchronous Control Signals                                ; On                 ; On                 ;
; Force Use of Synchronous Clear Signals                           ; Off                ; Off                ;
; Auto RAM Block Balancing                                         ; On                 ; On                 ;
; Auto RAM to Logic Cell Conversion                                ; Off                ; Off                ;
; Auto Resource Sharing                                            ; Off                ; Off                ;
; Allow Any RAM Size For Recognition                               ; Off                ; Off                ;
; Allow Any ROM Size For Recognition                               ; Off                ; Off                ;
; Allow Any Shift Register Size For Recognition                    ; Off                ; Off                ;
; Use LogicLock Constraints during Resource Balancing              ; On                 ; On                 ;
; Ignore translate_off and synthesis_off directives                ; Off                ; Off                ;
; Timing-Driven Synthesis                                          ; On                 ; On                 ;
; Report Parameter Settings                                        ; On                 ; On                 ;
; Report Source Assignments                                        ; On                 ; On                 ;
; Report Connectivity Checks                                       ; On                 ; On                 ;
; Ignore Maximum Fan-Out Assignments                               ; Off                ; Off                ;
; Synchronization Register Chain Length                            ; 2                  ; 2                  ;
; Power Optimization During Synthesis                              ; Normal compilation ; Normal compilation ;
; HDL message level                                                ; Level2             ; Level2             ;
; Suppress Register Optimization Related Messages                  ; Off                ; Off                ;
; Number of Removed Registers Reported in Synthesis Report         ; 5000               ; 5000               ;
; Number of Swept Nodes Reported in Synthesis Report               ; 5000               ; 5000               ;
; Number of Inverted Registers Reported in Synthesis Report        ; 100                ; 100                ;
; Clock MUX Protection                                             ; On                 ; On                 ;
; Auto Gated Clock Conversion                                      ; Off                ; Off                ;
; Block Design Naming                                              ; Auto               ; Auto               ;
; SDC constraint protection                                        ; Off                ; Off                ;
; Synthesis Effort                                                 ; Auto               ; Auto               ;
; Shift Register Replacement - Allow Asynchronous Clear Signal     ; On                 ; On                 ;
; Pre-Mapping Resynthesis Optimization                             ; Off                ; Off                ;
; Analysis & Synthesis Message Level                               ; Medium             ; Medium             ;
; Disable Register Merging Across Hierarchies                      ; Auto               ; Auto               ;
; Resource Aware Inference For Block RAM                           ; On                 ; On                 ;
+------------------------------------------------------------------+--------------------+--------------------+


+------------------------------------------+
; Parallel Compilation                     ;
+----------------------------+-------------+
; Processors                 ; Number      ;
+----------------------------+-------------+
; Number detected on machine ; 8           ;
; Maximum allowed            ; 4           ;
;                            ;             ;
; Average used               ; 1.00        ;
; Maximum used               ; 4           ;
;                            ;             ;
; Usage by Processor         ; % Time Used ;
;     Processor 1            ; 100.0%      ;
;     Processor 2            ;   0.0%      ;
;     Processors 3-4         ;   0.0%      ;
+----------------------------+-------------+


+-----------------------------------------------------------------------------------------------------------------------------------------------------------------+
; Analysis & Synthesis Source Files Read                                                                                                                          ;
+----------------------------------+-----------------+-----------------------+--------------------------------------------------------------------------+---------+
; File Name with User-Entered Path ; Used in Netlist ; File Type             ; File Name with Absolute Path                                             ; Library ;
+----------------------------------+-----------------+-----------------------+--------------------------------------------------------------------------+---------+
; project1.vhd                     ; yes             ; User VHDL File        ; E:/folder/Semester 5/Degital System Design/Project/project1/project1.vhd ;         ;
; servo.vhd                        ; yes             ; Auto-Found VHDL File  ; E:/folder/Semester 5/Degital System Design/Project/project1/servo.vhd    ;         ;
+----------------------------------+-----------------+-----------------------+--------------------------------------------------------------------------+---------+


+---------------------------------------------------------+
; Analysis & Synthesis Resource Usage Summary             ;
+---------------------------------------------+-----------+
; Resource                                    ; Usage     ;
+---------------------------------------------+-----------+
; Estimated Total logic elements              ; 205       ;
;                                             ;           ;
; Total combinational functions               ; 204       ;
; Logic element usage by number of LUT inputs ;           ;
;     -- 4 input functions                    ; 68        ;
;     -- 3 input functions                    ; 51        ;
;     -- <=2 input functions                  ; 85        ;
;                                             ;           ;
; Logic elements by mode                      ;           ;
;     -- normal mode                          ; 136       ;
;     -- arithmetic mode                      ; 68        ;
;                                             ;           ;
; Total registers                             ; 87        ;
;     -- Dedicated logic registers            ; 87        ;
;     -- I/O registers                        ; 0         ;
;                                             ;           ;
; I/O pins                                    ; 21        ;
;                                             ;           ;
; Embedded Multiplier 9-bit elements          ; 0         ;
;                                             ;           ;
; Maximum fan-out node                        ; clk~input ;
; Maximum fan-out                             ; 87        ;
; Total fan-out                               ; 874       ;
; Average fan-out                             ; 2.62      ;
+---------------------------------------------+-----------+


+------------------------------------------------------------------------------------------------------------------------------------------------------------------------------------------------------------------------------------+
; Analysis & Synthesis Resource Utilization by Entity                                                                                                                                                                                ;
+----------------------------+---------------------+---------------------------+-------------+------------+--------------+---------+-----------+------+--------------+------------+---------------------+-------------+--------------+
; Compilation Hierarchy Node ; Combinational ALUTs ; Dedicated Logic Registers ; Memory Bits ; UFM Blocks ; DSP Elements ; DSP 9x9 ; DSP 18x18 ; Pins ; Virtual Pins ; ADC blocks ; Full Hierarchy Name ; Entity Name ; Library Name ;
+----------------------------+---------------------+---------------------------+-------------+------------+--------------+---------+-----------+------+--------------+------------+---------------------+-------------+--------------+
; |project1                  ; 204 (152)           ; 87 (56)                   ; 0           ; 0          ; 0            ; 0       ; 0         ; 21   ; 0            ; 0          ; |project1           ; project1    ; work         ;
;    |servo:sel|             ; 52 (52)             ; 31 (31)                   ; 0           ; 0          ; 0            ; 0       ; 0         ; 0    ; 0            ; 0          ; |project1|servo:sel ; servo       ; work         ;
+----------------------------+---------------------+---------------------------+-------------+------------+--------------+---------+-----------+------+--------------+------------+---------------------+-------------+--------------+
Note: For table entries with two numbers listed, the numbers in parentheses indicate the number of resources of the given type used by the specific entity alone. The numbers listed outside of parentheses indicate the total resources of the given type used by the specific entity and all of its sub-entities in the hierarchy.


+----------------------------------------------------------------------------------------------------+
; User-Specified and Inferred Latches                                                                ;
+-----------------------------------------------------+---------------------+------------------------+
; Latch Name                                          ; Latch Enable Signal ; Free of Timing Hazards ;
+-----------------------------------------------------+---------------------+------------------------+
; BCD[0]$latch                                        ; Mux7                ; yes                    ;
; BCD[1]$latch                                        ; Mux7                ; yes                    ;
; BCD[2]$latch                                        ; Mux7                ; yes                    ;
; BCD[3]$latch                                        ; Mux7                ; yes                    ;
; BCD[4]$latch                                        ; Mux7                ; yes                    ;
; BCD[5]$latch                                        ; Mux7                ; yes                    ;
; BCD[6]$latch                                        ; Mux7                ; yes                    ;
; BCD1[0]$latch                                       ; Mux15               ; yes                    ;
; BCD1[1]$latch                                       ; Mux15               ; yes                    ;
; BCD1[2]$latch                                       ; Mux15               ; yes                    ;
; BCD1[3]$latch                                       ; Mux15               ; yes                    ;
; BCD1[4]$latch                                       ; Mux15               ; yes                    ;
; BCD1[5]$latch                                       ; Mux15               ; yes                    ;
; BCD1[6]$latch                                       ; Mux15               ; yes                    ;
; ld                                                  ; Mux17               ; yes                    ;
; Number of user-specified and inferred latches = 15  ;                     ;                        ;
+-----------------------------------------------------+---------------------+------------------------+
Note: All latches listed above may not be present at the end of synthesis due to various synthesis optimizations.


+---------------------------------------------------------------------------------+
; Registers Removed During Synthesis                                              ;
+----------------------------------------+----------------------------------------+
; Register name                          ; Reason for Removal                     ;
+----------------------------------------+----------------------------------------+
; servo:sel|want_cycle[0]                ; Stuck at GND due to stuck port data_in ;
; ps[3]                                  ; Merged with ps[0]                      ;
; ps[4,7..9]                             ; Merged with ps[1]                      ;
; ps[5]                                  ; Merged with ps[2]                      ;
; ps[0]                                  ; Stuck at GND due to stuck port data_in ;
; servo:sel|want_cycle[1]                ; Stuck at GND due to stuck port data_in ;
; servo:sel|want_cycle[14]               ; Merged with servo:sel|want_cycle[13]   ;
; Total Number of Removed Registers = 10 ;                                        ;
+----------------------------------------+----------------------------------------+


+------------------------------------------------------------------------------------+
; Removed Registers Triggering Further Register Optimizations                        ;
+---------------+---------------------------+----------------------------------------+
; Register name ; Reason for Removal        ; Registers Removed due to This Register ;
+---------------+---------------------------+----------------------------------------+
; ps[0]         ; Stuck at GND              ; servo:sel|want_cycle[1]                ;
;               ; due to stuck port data_in ;                                        ;
+---------------+---------------------------+----------------------------------------+


+------------------------------------------------------+
; General Register Statistics                          ;
+----------------------------------------------+-------+
; Statistic                                    ; Value ;
+----------------------------------------------+-------+
; Total registers                              ; 87    ;
; Number of registers using Synchronous Clear  ; 26    ;
; Number of registers using Synchronous Load   ; 2     ;
; Number of registers using Asynchronous Clear ; 14    ;
; Number of registers using Asynchronous Load  ; 0     ;
; Number of registers using Clock Enable       ; 32    ;
; Number of registers using Preset             ; 0     ;
+----------------------------------------------+-------+


+--------------------------------------------------+
; Inverted Register Statistics                     ;
+----------------------------------------+---------+
; Inverted Register                      ; Fan out ;
+----------------------------------------+---------+
; set                                    ; 15      ;
; Total number of inverted registers = 1 ;         ;
+----------------------------------------+---------+


+----------------------------------------------------------------------------------------------------------------------------------------------+
; Multiplexer Restructuring Statistics (Restructuring Performed)                                                                               ;
+--------------------+-----------+---------------+----------------------+------------------------+------------+--------------------------------+
; Multiplexer Inputs ; Bus Width ; Baseline Area ; Area if Restructured ; Saving if Restructured ; Registered ; Example Multiplexer Output     ;
+--------------------+-----------+---------------+----------------------+------------------------+------------+--------------------------------+
; 3:1                ; 3 bits    ; 6 LEs         ; 3 LEs                ; 3 LEs                  ; Yes        ; |project1|ps[6]                ;
; 3:1                ; 18 bits   ; 36 LEs        ; 18 LEs               ; 18 LEs                 ; Yes        ; |project1|servo:sel|counter[8] ;
; 5:1                ; 4 bits    ; 12 LEs        ; 8 LEs                ; 4 LEs                  ; Yes        ; |project1|n2[2]                ;
; 5:1                ; 2 bits    ; 6 LEs         ; 4 LEs                ; 2 LEs                  ; Yes        ; |project1|n1[1]                ;
; 5:1                ; 2 bits    ; 6 LEs         ; 4 LEs                ; 2 LEs                  ; Yes        ; |project1|n1[0]                ;
+--------------------+-----------+---------------+----------------------+------------------------+------------+--------------------------------+


+-----------------------------------------------------+
; Post-Synthesis Netlist Statistics for Top Partition ;
+-----------------------+-----------------------------+
; Type                  ; Count                       ;
+-----------------------+-----------------------------+
; boundary_port         ; 21                          ;
; cycloneiii_ff         ; 87                          ;
;     CLR               ; 5                           ;
;     ENA               ; 23                          ;
;     ENA CLR           ; 7                           ;
;     ENA CLR SLD       ; 2                           ;
;     SCLR              ; 26                          ;
;     plain             ; 24                          ;
; cycloneiii_lcell_comb ; 204                         ;
;     arith             ; 68                          ;
;         2 data inputs ; 61                          ;
;         3 data inputs ; 7                           ;
;     normal            ; 136                         ;
;         1 data inputs ; 7                           ;
;         2 data inputs ; 17                          ;
;         3 data inputs ; 44                          ;
;         4 data inputs ; 68                          ;
;                       ;                             ;
; Max LUT depth         ; 9.00                        ;
; Average LUT depth     ; 3.21                        ;
+-----------------------+-----------------------------+


+-------------------------------+
; Elapsed Time Per Partition    ;
+----------------+--------------+
; Partition Name ; Elapsed Time ;
+----------------+--------------+
; Top            ; 00:00:00     ;
+----------------+--------------+


+-------------------------------+
; Analysis & Synthesis Messages ;
+-------------------------------+
Info: *******************************************************************
Info: Running Quartus Prime Analysis & Synthesis
    Info: Version 18.1.0 Build 625 09/12/2018 SJ Lite Edition
    Info: Processing started: Tue Dec 21 15:12:44 2021
Info: Command: quartus_map --read_settings_files=on --write_settings_files=off project1 -c project1
Warning (18236): Number of processors has not been specified which may cause overloading on shared machines.  Set the global assignment NUM_PARALLEL_PROCESSORS in your QSF to an appropriate value for best performance.
Info (20030): Parallel compilation is enabled and will use 4 of the 4 processors detected
Info (12021): Found 2 design units, including 1 entities, in source file project1.vhd
    Info (12022): Found design unit 1: project1-Behavioral File: E:/folder/Semester 5/Degital System Design/Project/project1/project1.vhd Line: 22
    Info (12023): Found entity 1: project1 File: E:/folder/Semester 5/Degital System Design/Project/project1/project1.vhd Line: 10
Warning (12019): Can't analyze file -- file Vhdl2.vhd is missing
Info (12127): Elaborating entity "project1" for the top level hierarchy
Warning (10631): VHDL Process Statement warning at project1.vhd(68): inferring latch(es) for signal or variable "ld", which holds its previous value in one or more paths through the process File: E:/folder/Semester 5/Degital System Design/Project/project1/project1.vhd Line: 68
Warning (10631): VHDL Process Statement warning at project1.vhd(68): inferring latch(es) for signal or variable "BCD1", which holds its previous value in one or more paths through the process File: E:/folder/Semester 5/Degital System Design/Project/project1/project1.vhd Line: 68
Warning (10631): VHDL Process Statement warning at project1.vhd(68): inferring latch(es) for signal or variable "BCD", which holds its previous value in one or more paths through the process File: E:/folder/Semester 5/Degital System Design/Project/project1/project1.vhd Line: 68
Info (10041): Inferred latch for "BCD[0]" at project1.vhd(68) File: E:/folder/Semester 5/Degital System Design/Project/project1/project1.vhd Line: 68
Info (10041): Inferred latch for "BCD[1]" at project1.vhd(68) File: E:/folder/Semester 5/Degital System Design/Project/project1/project1.vhd Line: 68
Info (10041): Inferred latch for "BCD[2]" at project1.vhd(68) File: E:/folder/Semester 5/Degital System Design/Project/project1/project1.vhd Line: 68
Info (10041): Inferred latch for "BCD[3]" at project1.vhd(68) File: E:/folder/Semester 5/Degital System Design/Project/project1/project1.vhd Line: 68
Info (10041): Inferred latch for "BCD[4]" at project1.vhd(68) File: E:/folder/Semester 5/Degital System Design/Project/project1/project1.vhd Line: 68
Info (10041): Inferred latch for "BCD[5]" at project1.vhd(68) File: E:/folder/Semester 5/Degital System Design/Project/project1/project1.vhd Line: 68
Info (10041): Inferred latch for "BCD[6]" at project1.vhd(68) File: E:/folder/Semester 5/Degital System Design/Project/project1/project1.vhd Line: 68
Info (10041): Inferred latch for "BCD1[0]" at project1.vhd(68) File: E:/folder/Semester 5/Degital System Design/Project/project1/project1.vhd Line: 68
Info (10041): Inferred latch for "BCD1[1]" at project1.vhd(68) File: E:/folder/Semester 5/Degital System Design/Project/project1/project1.vhd Line: 68
Info (10041): Inferred latch for "BCD1[2]" at project1.vhd(68) File: E:/folder/Semester 5/Degital System Design/Project/project1/project1.vhd Line: 68
Info (10041): Inferred latch for "BCD1[3]" at project1.vhd(68) File: E:/folder/Semester 5/Degital System Design/Project/project1/project1.vhd Line: 68
Info (10041): Inferred latch for "BCD1[4]" at project1.vhd(68) File: E:/folder/Semester 5/Degital System Design/Project/project1/project1.vhd Line: 68
Info (10041): Inferred latch for "BCD1[5]" at project1.vhd(68) File: E:/folder/Semester 5/Degital System Design/Project/project1/project1.vhd Line: 68
Info (10041): Inferred latch for "BCD1[6]" at project1.vhd(68) File: E:/folder/Semester 5/Degital System Design/Project/project1/project1.vhd Line: 68
Info (10041): Inferred latch for "ld" at project1.vhd(68) File: E:/folder/Semester 5/Degital System Design/Project/project1/project1.vhd Line: 68
Warning (12125): Using design file servo.vhd, which is not specified as a design file for the current project, but contains definitions for 2 design units and 1 entities in project
    Info (12022): Found design unit 1: servo-rtl File: E:/folder/Semester 5/Degital System Design/Project/project1/servo.vhd Line: 16
    Info (12023): Found entity 1: servo File: E:/folder/Semester 5/Degital System Design/Project/project1/servo.vhd Line: 7
Info (12128): Elaborating entity "servo" for hierarchy "servo:sel" File: E:/folder/Semester 5/Degital System Design/Project/project1/project1.vhd Line: 38
Warning (13012): Latch BCD[0]$latch has unsafe behavior File: E:/folder/Semester 5/Degital System Design/Project/project1/project1.vhd Line: 68
    Warning (13013): Ports D and ENA on the latch are fed by the same signal n2[1] File: E:/folder/Semester 5/Degital System Design/Project/project1/project1.vhd Line: 82
Warning (13012): Latch BCD[1]$latch has unsafe behavior File: E:/folder/Semester 5/Degital System Design/Project/project1/project1.vhd Line: 68
    Warning (13013): Ports D and ENA on the latch are fed by the same signal n2[2] File: E:/folder/Semester 5/Degital System Design/Project/project1/project1.vhd Line: 82
Warning (13012): Latch BCD[2]$latch has unsafe behavior File: E:/folder/Semester 5/Degital System Design/Project/project1/project1.vhd Line: 68
    Warning (13013): Ports D and ENA on the latch are fed by the same signal n2[2] File: E:/folder/Semester 5/Degital System Design/Project/project1/project1.vhd Line: 82
Warning (13012): Latch BCD[3]$latch has unsafe behavior File: E:/folder/Semester 5/Degital System Design/Project/project1/project1.vhd Line: 68
    Warning (13013): Ports D and ENA on the latch are fed by the same signal n2[1] File: E:/folder/Semester 5/Degital System Design/Project/project1/project1.vhd Line: 82
Warning (13012): Latch BCD[4]$latch has unsafe behavior File: E:/folder/Semester 5/Degital System Design/Project/project1/project1.vhd Line: 68
    Warning (13013): Ports D and ENA on the latch are fed by the same signal n2[2] File: E:/folder/Semester 5/Degital System Design/Project/project1/project1.vhd Line: 82
Warning (13012): Latch BCD[5]$latch has unsafe behavior File: E:/folder/Semester 5/Degital System Design/Project/project1/project1.vhd Line: 68
    Warning (13013): Ports D and ENA on the latch are fed by the same signal n2[1] File: E:/folder/Semester 5/Degital System Design/Project/project1/project1.vhd Line: 82
Warning (13012): Latch BCD[6]$latch has unsafe behavior File: E:/folder/Semester 5/Degital System Design/Project/project1/project1.vhd Line: 68
    Warning (13013): Ports D and ENA on the latch are fed by the same signal n2[1] File: E:/folder/Semester 5/Degital System Design/Project/project1/project1.vhd Line: 82
Warning (13012): Latch BCD1[0]$latch has unsafe behavior File: E:/folder/Semester 5/Degital System Design/Project/project1/project1.vhd Line: 68
    Warning (13013): Ports D and ENA on the latch are fed by the same signal n1[1] File: E:/folder/Semester 5/Degital System Design/Project/project1/project1.vhd Line: 82
Warning (13012): Latch BCD1[1]$latch has unsafe behavior File: E:/folder/Semester 5/Degital System Design/Project/project1/project1.vhd Line: 68
    Warning (13013): Ports D and ENA on the latch are fed by the same signal n1[2] File: E:/folder/Semester 5/Degital System Design/Project/project1/project1.vhd Line: 82
Warning (13012): Latch BCD1[2]$latch has unsafe behavior File: E:/folder/Semester 5/Degital System Design/Project/project1/project1.vhd Line: 68
    Warning (13013): Ports D and ENA on the latch are fed by the same signal n1[2] File: E:/folder/Semester 5/Degital System Design/Project/project1/project1.vhd Line: 82
Warning (13012): Latch BCD1[3]$latch has unsafe behavior File: E:/folder/Semester 5/Degital System Design/Project/project1/project1.vhd Line: 68
    Warning (13013): Ports D and ENA on the latch are fed by the same signal n1[1] File: E:/folder/Semester 5/Degital System Design/Project/project1/project1.vhd Line: 82
Warning (13012): Latch BCD1[4]$latch has unsafe behavior File: E:/folder/Semester 5/Degital System Design/Project/project1/project1.vhd Line: 68
    Warning (13013): Ports D and ENA on the latch are fed by the same signal n1[2] File: E:/folder/Semester 5/Degital System Design/Project/project1/project1.vhd Line: 82
Warning (13012): Latch BCD1[5]$latch has unsafe behavior File: E:/folder/Semester 5/Degital System Design/Project/project1/project1.vhd Line: 68
    Warning (13013): Ports D and ENA on the latch are fed by the same signal n1[1] File: E:/folder/Semester 5/Degital System Design/Project/project1/project1.vhd Line: 82
Warning (13012): Latch BCD1[6]$latch has unsafe behavior File: E:/folder/Semester 5/Degital System Design/Project/project1/project1.vhd Line: 68
    Warning (13013): Ports D and ENA on the latch are fed by the same signal n1[1] File: E:/folder/Semester 5/Degital System Design/Project/project1/project1.vhd Line: 82
Warning (13012): Latch ld has unsafe behavior File: E:/folder/Semester 5/Degital System Design/Project/project1/project1.vhd Line: 68
    Warning (13013): Ports D and ENA on the latch are fed by the same signal n2[4] File: E:/folder/Semester 5/Degital System Design/Project/project1/project1.vhd Line: 82
Info (286030): Timing-Driven Synthesis is running
Info (16010): Generating hard_block partition "hard_block:auto_generated_inst"
    Info (16011): Adding 0 node(s), including 0 DDIO, 0 PLL, 0 transceiver and 0 LCELL
Info (21057): Implemented 227 device resources after synthesis - the final resource count might be different
    Info (21058): Implemented 5 input pins
    Info (21059): Implemented 16 output pins
    Info (21061): Implemented 206 logic cells
Info: Quartus Prime Analysis & Synthesis was successful. 0 errors, 36 warnings
    Info: Peak virtual memory: 4802 megabytes
    Info: Processing ended: Tue Dec 21 15:12:57 2021
    Info: Elapsed time: 00:00:13
    Info: Total CPU time (on all processors): 00:00:29


